Removed Pin From Net: NetName=GND Pin=J2-1
Removed Pin From Net: NetName=TINPUT0 Pin=J2-2
Removed Pin From Net: NetName=GND Pin=J3-1
Removed Pin From Net: NetName=TINPUT1 Pin=J3-2
Removed Pin From Net: NetName=GND Pin=J4-1
Removed Pin From Net: NetName=TINPUT2 Pin=J4-2
Removed Pin From Net: NetName=GND Pin=J5-1
Removed Pin From Net: NetName=TINPUT3 Pin=J5-2
Removed Pin From Net: NetName=GND Pin=J6-1
Removed Pin From Net: NetName=TINPUT4 Pin=J6-2
Removed Pin From Net: NetName=GND Pin=J7-1
Removed Pin From Net: NetName=TINPUT5 Pin=J7-2
Removed Pin From Net: NetName=GND Pin=J8-1
Removed Pin From Net: NetName=TINPUT6 Pin=J8-2
Removed Pin From Net: NetName=GND Pin=J9-1
Removed Pin From Net: NetName=TINPUT7 Pin=J9-2
Added Component: Designator=J2(MOLEX0039301021)
Added Component: Designator=J3(MOLEX0039301021)
Added Component: Designator=J4(MOLEX0039301021)
Added Component: Designator=J5(MOLEX0039301021)
Added Component: Designator=J6(MOLEX0039301021)
Added Component: Designator=J7(MOLEX0039301021)
Added Component: Designator=J8(MOLEX0039301021)
Added Component: Designator=J9(MOLEX0039301021)
Added Pin To Net: NetName=GND Pin=J2-1
Added Pin To Net: NetName=TINPUT0 Pin=J2-2
Added Pin To Net: NetName=GND Pin=J3-1
Added Pin To Net: NetName=TINPUT1 Pin=J3-2
Added Pin To Net: NetName=GND Pin=J4-1
Added Pin To Net: NetName=TINPUT2 Pin=J4-2
Added Pin To Net: NetName=GND Pin=J5-1
Added Pin To Net: NetName=TINPUT3 Pin=J5-2
Added Pin To Net: NetName=GND Pin=J6-1
Added Pin To Net: NetName=TINPUT4 Pin=J6-2
Added Pin To Net: NetName=GND Pin=J7-1
Added Pin To Net: NetName=TINPUT5 Pin=J7-2
Added Pin To Net: NetName=GND Pin=J8-1
Added Pin To Net: NetName=TINPUT6 Pin=J8-2
Added Pin To Net: NetName=GND Pin=J9-1
Added Pin To Net: NetName=TINPUT7 Pin=J9-2
Added Room: Name=Braking
Added Room: Name=LED_Driver
Added Room: Name=MCU_Platform
Added Room: Name=PressureSensors
Added Room: Name=Thermistors
