Removed Pin From Net: NetName=SOL_4 Pin=J3-5
Removed Pin From Net: NetName=SOL_3 Pin=J3-6
Removed Pin From Net: NetName=SOL_2 Pin=J3-7
Removed Pin From Net: NetName=SOL_1 Pin=J3-8
Removed Pin From Net: NetName=SOL_MCU_1 Pin=U9-1
Removed Pin From Net: NetName=SOL_MCU_2 Pin=U10-1
Removed Pin From Net: NetName=SOL_MCU_3 Pin=U11-1
Removed Pin From Net: NetName=SOL_MCU_4 Pin=U12-1
Added Pin To Net: NetName=SOL_1 Pin=J3-5
Added Pin To Net: NetName=SOL_2 Pin=J3-6
Added Pin To Net: NetName=SOL_3 Pin=J3-7
Added Pin To Net: NetName=SOL_4 Pin=J3-8
Added Pin To Net: NetName=SOL_MCU_4 Pin=U9-1
Added Pin To Net: NetName=SOL_MCU_3 Pin=U10-1
Added Pin To Net: NetName=SOL_MCU_2 Pin=U11-1
Added Pin To Net: NetName=SOL_MCU_1 Pin=U12-1
Change Net Name : Old Net Name=SOL_1 New Net Name=SOL_4
Change Net Name : Old Net Name=SOL_2 New Net Name=SOL_3
Change Net Name : Old Net Name=SOL_3 New Net Name=SOL_2
Change Net Name : Old Net Name=SOL_4 New Net Name=SOL_1
