Removed Pin From Net: NetName=TINPUT4 Pin=J3-2
Removed Pin From Net: NetName=TINPUT1 Pin=J4-2
Removed Pin From Net: NetName=TINPUT5 Pin=J5-2
Removed Pin From Net: NetName=TINPUT2 Pin=J6-2
Removed Pin From Net: NetName=TINPUT6 Pin=J7-2
Removed Pin From Net: NetName=TINPUT3 Pin=J8-2
Removed Pin From Net: NetName=TINPUT4 Pin=R3-1
Removed Pin From Net: NetName=TINPUT1 Pin=R4-1
Removed Pin From Net: NetName=TINPUT5 Pin=R5-1
Removed Pin From Net: NetName=TINPUT2 Pin=R8-1
Removed Pin From Net: NetName=TINPUT6 Pin=R9-1
Removed Pin From Net: NetName=TINPUT3 Pin=R10-1
Removed Pin From Net: NetName=PINPUT4 Pin=R13-2
Removed Pin From Net: NetName=PINPUT4 Pin=R15-2
Removed Pin From Net: NetName=PINPUT1 Pin=R16-2
Removed Pin From Net: NetName=PINPUT5 Pin=R17-2
Removed Pin From Net: NetName=PINPUT1 Pin=R18-2
Removed Pin From Net: NetName=PINPUT5 Pin=R19-2
Removed Pin From Net: NetName=PINPUT2 Pin=R22-2
Removed Pin From Net: NetName=PINPUT6 Pin=R23-2
Removed Pin From Net: NetName=PINPUT2 Pin=R24-2
Removed Pin From Net: NetName=PINPUT6 Pin=R25-2
Removed Pin From Net: NetName=PINPUT3 Pin=R26-2
Removed Pin From Net: NetName=PINPUT3 Pin=R28-2
Change Component Footprint: Designator=TP9 Old Footprint=Test Point New Footprint=Test Point - 5002
Change Component Footprint: Designator=TP10 Old Footprint=Test Point New Footprint=Test Point - 5002
Change Component Footprint: Designator=TP11 Old Footprint=Test Point New Footprint=Test Point - 5002
Added Component: Designator=R32(0805 - Resistor)
Add component (AddParameter): Name = "Manufacturer"; Value = ""; VariantName = "[No Variations]"
Add component (AddParameter): Name = "Manufacturer Part Number"; Value = ""; VariantName = "[No Variations]"
Add component (AddParameter): Name = "Rating"; Value = ""; VariantName = "[No Variations]"
Add component (AddParameter): Name = "Supplier"; Value = ""; VariantName = "[No Variations]"
Add component (AddParameter): Name = "Supplier Part Number"; Value = ""; VariantName = "[No Variations]"
Add component (AddParameter): Name = "Value"; Value = "100"; VariantName = "[No Variations]"
Added Pin To Net: NetName=TINPUT1 Pin=J3-2
Added Pin To Net: NetName=TINPUT2 Pin=J4-2
Added Pin To Net: NetName=TINPUT3 Pin=J5-2
Added Pin To Net: NetName=TINPUT4 Pin=J6-2
Added Pin To Net: NetName=TINPUT5 Pin=J7-2
Added Pin To Net: NetName=TINPUT6 Pin=J8-2
Added Pin To Net: NetName=TINPUT1 Pin=R3-1
Added Pin To Net: NetName=TINPUT2 Pin=R4-1
Added Pin To Net: NetName=TINPUT3 Pin=R5-1
Added Pin To Net: NetName=TINPUT4 Pin=R8-1
Added Pin To Net: NetName=TINPUT5 Pin=R9-1
Added Pin To Net: NetName=TINPUT6 Pin=R10-1
Added Pin To Net: NetName=PINPUT1 Pin=R13-2
Added Pin To Net: NetName=PINPUT1 Pin=R15-2
Added Pin To Net: NetName=PINPUT2 Pin=R16-2
Added Pin To Net: NetName=PINPUT3 Pin=R17-2
Added Pin To Net: NetName=PINPUT2 Pin=R18-2
Added Pin To Net: NetName=PINPUT3 Pin=R19-2
Added Pin To Net: NetName=PINPUT4 Pin=R22-2
Added Pin To Net: NetName=PINPUT5 Pin=R23-2
Added Pin To Net: NetName=PINPUT4 Pin=R24-2
Added Pin To Net: NetName=PINPUT5 Pin=R25-2
Added Pin To Net: NetName=PINPUT6 Pin=R26-2
Added Pin To Net: NetName=PINPUT6 Pin=R28-2
Added Pin To Net: NetName=SOL_1 Pin=R32-1
Added Pin To Net: NetName=22.1V Pin=R32-2
Added Member To Class: ClassName=Braking Member=Component R32 Resistor
Added Member To Class: ClassName=Braking Member=Component U9 2N7002PW,115
Added Room: Name=Braking
Added Room: Name=LED_Driver
Added Room: Name=MCU_Platform
Added Room: Name=PressureSensors
Added Room: Name=Thermistors
