Removed Pin From Net: NetName=GND Pin=J2-1
Removed Pin From Net: NetName=GND Pin=J2-2
Removed Pin From Net: NetName=GND Pin=J2-3
Removed Pin From Net: NetName=GND Pin=J2-4
Removed Pin From Net: NetName=GND Pin=J2-5
Removed Pin From Net: NetName=GND Pin=J2-6
Removed Pin From Net: NetName=GND Pin=J2-7
Removed Pin From Net: NetName=GND Pin=J2-8
Removed Pin From Net: NetName=TINPUT0 Pin=J2-9
Removed Pin From Net: NetName=TINPUT1 Pin=J2-10
Removed Pin From Net: NetName=TINPUT2 Pin=J2-11
Removed Pin From Net: NetName=TINPUT3 Pin=J2-12
Removed Pin From Net: NetName=TINPUT4 Pin=J2-13
Removed Pin From Net: NetName=TINPUT5 Pin=J2-14
Removed Pin From Net: NetName=TINPUT6 Pin=J2-15
Removed Pin From Net: NetName=TINPUT7 Pin=J2-16
Added Component: Designator=J2(MOLEX0039301162)
Add component (AddParameter): Name = "ComponentLink1Description"; Value = "Datasheet"; VariantName = "[No Variations]"
Add component (AddParameter): Name = "ComponentLink1URL"; Value = "https://www.molex.com/pdm_docs/sd/039301082_sd.pdf"; VariantName = "[No Variations]"
Add component (AddParameter): Name = "Manufacturer"; Value = "Molex"; VariantName = "[No Variations]"
Add component (AddParameter): Name = "Manufacturer Part Number"; Value = "0039301082"; VariantName = "[No Variations]"
Add component (AddParameter): Name = "Supplier"; Value = "DigiKey"; VariantName = "[No Variations]"
Add component (AddParameter): Name = "Supplier Part Number"; Value = "WM21366-ND"; VariantName = "[No Variations]"
Added Pin To Net: NetName=GND Pin=J2-1
Added Pin To Net: NetName=GND Pin=J2-2
Added Pin To Net: NetName=GND Pin=J2-3
Added Pin To Net: NetName=GND Pin=J2-4
Added Pin To Net: NetName=GND Pin=J2-5
Added Pin To Net: NetName=GND Pin=J2-6
Added Pin To Net: NetName=GND Pin=J2-7
Added Pin To Net: NetName=GND Pin=J2-8
Added Pin To Net: NetName=TINPUT0 Pin=J2-9
Added Pin To Net: NetName=TINPUT1 Pin=J2-10
Added Pin To Net: NetName=TINPUT2 Pin=J2-11
Added Pin To Net: NetName=TINPUT3 Pin=J2-12
Added Pin To Net: NetName=TINPUT4 Pin=J2-13
Added Pin To Net: NetName=TINPUT5 Pin=J2-14
Added Pin To Net: NetName=TINPUT6 Pin=J2-15
Added Pin To Net: NetName=TINPUT7 Pin=J2-16
Added Member To Class: ClassName=Thermistors Member=Component J2 MOLEX0039301162
