Removed Pin From Net: NetName=TINPUT0 Pin=J2-1
Removed Pin From Net: NetName=GND Pin=J2-2
Removed Pin From Net: NetName=TINPUT1 Pin=J3-1
Removed Pin From Net: NetName=GND Pin=J3-2
Removed Pin From Net: NetName=TINPUT2 Pin=J4-1
Removed Pin From Net: NetName=GND Pin=J4-2
Removed Pin From Net: NetName=TINPUT3 Pin=J5-1
Removed Pin From Net: NetName=GND Pin=J5-2
Removed Pin From Net: NetName=TINPUT4 Pin=J6-1
Removed Pin From Net: NetName=GND Pin=J6-2
Removed Pin From Net: NetName=TINPUT5 Pin=J7-1
Removed Pin From Net: NetName=GND Pin=J7-2
Removed Pin From Net: NetName=TINPUT6 Pin=J8-1
Removed Pin From Net: NetName=GND Pin=J8-2
Removed Pin From Net: NetName=TINPUT7 Pin=J9-1
Removed Pin From Net: NetName=GND Pin=J9-2
Removed Pin From Net: NetName=GND Pin=J10-1
Removed Pin From Net: NetName=5V Pin=J10-3
Removed Pin From Net: NetName=GND Pin=J11-1
Removed Pin From Net: NetName=5V Pin=J11-3
Removed Pin From Net: NetName=GND Pin=J12-1
Removed Pin From Net: NetName=5V Pin=J12-3
Removed Pin From Net: NetName=GND Pin=J13-1
Removed Pin From Net: NetName=5V Pin=J13-3
Removed Pin From Net: NetName=GND Pin=J14-1
Removed Pin From Net: NetName=5V Pin=J14-3
Removed Pin From Net: NetName=GND Pin=J15-1
Removed Pin From Net: NetName=5V Pin=J15-3
Removed Pin From Net: NetName=GND Pin=J16-1
Removed Pin From Net: NetName=5V Pin=J16-3
Removed Pin From Net: NetName=GND Pin=J17-1
Removed Pin From Net: NetName=5V Pin=J17-3
Removed Pin From Net: NetName=SOL_1 Pin=J19-1
Removed Pin From Net: NetName=GND Pin=J19-2
Removed Pin From Net: NetName=SOL_2 Pin=J20-1
Removed Pin From Net: NetName=GND Pin=J20-2
Removed Pin From Net: NetName=SOL_3 Pin=J21-1
Removed Pin From Net: NetName=GND Pin=J21-2
Removed Pin From Net: NetName=SOL_4 Pin=J22-1
Removed Pin From Net: NetName=GND Pin=J22-2
Removed Pin From Net: NetName=TINPUT0 Pin=R2-1
Removed Pin From Net: NetName=3.3V Pin=R2-2
Removed Pin From Net: NetName=TINPUT1 Pin=R3-1
Removed Pin From Net: NetName=3.3V Pin=R3-2
Removed Pin From Net: NetName=TINPUT2 Pin=R4-1
Removed Pin From Net: NetName=3.3V Pin=R4-2
Removed Pin From Net: NetName=TINPUT3 Pin=R5-1
Removed Pin From Net: NetName=3.3V Pin=R5-2
Removed Pin From Net: NetName=TINPUT4 Pin=R8-1
Removed Pin From Net: NetName=3.3V Pin=R8-2
Removed Pin From Net: NetName=TINPUT5 Pin=R9-1
Removed Pin From Net: NetName=3.3V Pin=R9-2
Removed Pin From Net: NetName=TINPUT6 Pin=R10-1
Removed Pin From Net: NetName=3.3V Pin=R10-2
Removed Pin From Net: NetName=TINPUT7 Pin=R11-1
Removed Pin From Net: NetName=3.3V Pin=R11-2
Removed Pin From Net: NetName=PINPUT2 Pin=R16-2
Removed Pin From Net: NetName=PINPUT2 Pin=R18-2
Removed Member From Class: ClassName=Thermistors Member=J3
Removed Member From Class: ClassName=Thermistors Member=J4
Removed Member From Class: ClassName=Thermistors Member=J5
Removed Member From Class: ClassName=Thermistors Member=J6
Removed Member From Class: ClassName=Thermistors Member=J7
Removed Member From Class: ClassName=Thermistors Member=J8
Removed Member From Class: ClassName=Thermistors Member=J9
Removed Member From Class: ClassName=PressureSensors Member=J10
Removed Member From Class: ClassName=PressureSensors Member=J12
Removed Member From Class: ClassName=PressureSensors Member=J13
Removed Member From Class: ClassName=PressureSensors Member=J14
Removed Member From Class: ClassName=PressureSensors Member=J15
Removed Member From Class: ClassName=PressureSensors Member=J16
Removed Member From Class: ClassName=PressureSensors Member=J17
Removed Member From Class: ClassName=Braking Member=J19
Removed Member From Class: ClassName=Braking Member=J20
Removed Member From Class: ClassName=Braking Member=J21
Removed Member From Class: ClassName=Braking Member=J22
Added Component: Designator=J2(MOLEX0039301162)
Add component (AddParameter): Name = "ComponentLink1Description"; Value = "Datasheet"; VariantName = "[No Variations]"
Add component (AddParameter): Name = "ComponentLink1URL"; Value = "https://www.molex.com/pdm_docs/sd/039301082_sd.pdf"; VariantName = "[No Variations]"
Add component (AddParameter): Name = "Manufacturer"; Value = "Molex"; VariantName = "[No Variations]"
Add component (AddParameter): Name = "Manufacturer Part Number"; Value = "0039301082"; VariantName = "[No Variations]"
Add component (AddParameter): Name = "Supplier"; Value = "DigiKey"; VariantName = "[No Variations]"
Add component (AddParameter): Name = "Supplier Part Number"; Value = "WM21366-ND"; VariantName = "[No Variations]"
Added Component: Designator=J3(MOLEX0039301082)
Add component (AddParameter): Name = "ComponentLink1Description"; Value = "Datasheet"; VariantName = "[No Variations]"
Add component (AddParameter): Name = "ComponentLink1URL"; Value = "https://www.molex.com/pdm_docs/sd/039301082_sd.pdf"; VariantName = "[No Variations]"
Add component (AddParameter): Name = "Manufacturer"; Value = "Molex"; VariantName = "[No Variations]"
Add component (AddParameter): Name = "Manufacturer Part Number"; Value = "0039301082"; VariantName = "[No Variations]"
Add component (AddParameter): Name = "Supplier"; Value = "DigiKey"; VariantName = "[No Variations]"
Add component (AddParameter): Name = "Supplier Part Number"; Value = "WM21366-ND"; VariantName = "[No Variations]"
Added Component: Designator=J11(MOLEX0039301242)
Add component (AddParameter): Name = "ComponentLink1Description"; Value = "Datasheet"; VariantName = "[No Variations]"
Add component (AddParameter): Name = "ComponentLink1URL"; Value = "https://www.molex.com/pdm_docs/sd/039301082_sd.pdf"; VariantName = "[No Variations]"
Add component (AddParameter): Name = "Manufacturer"; Value = "Molex"; VariantName = "[No Variations]"
Add component (AddParameter): Name = "Manufacturer Part Number"; Value = "0039301082"; VariantName = "[No Variations]"
Add component (AddParameter): Name = "Supplier"; Value = "DigiKey"; VariantName = "[No Variations]"
Add component (AddParameter): Name = "Supplier Part Number"; Value = "WM21366-ND"; VariantName = "[No Variations]"
Added Component: Designator=R2(0805 - Resistor)
Add component (AddParameter): Name = "Manufacturer"; Value = ""; VariantName = "[No Variations]"
Add component (AddParameter): Name = "Manufacturer Part Number"; Value = ""; VariantName = "[No Variations]"
Add component (AddParameter): Name = "Rating"; Value = ""; VariantName = "[No Variations]"
Add component (AddParameter): Name = "Supplier"; Value = ""; VariantName = "[No Variations]"
Add component (AddParameter): Name = "Supplier Part Number"; Value = ""; VariantName = "[No Variations]"
Add component (AddParameter): Name = "Value"; Value = "10k"; VariantName = "[No Variations]"
Added Component: Designator=R3(0805 - Resistor)
Add component (AddParameter): Name = "Manufacturer"; Value = ""; VariantName = "[No Variations]"
Add component (AddParameter): Name = "Manufacturer Part Number"; Value = ""; VariantName = "[No Variations]"
Add component (AddParameter): Name = "Rating"; Value = ""; VariantName = "[No Variations]"
Add component (AddParameter): Name = "Supplier"; Value = ""; VariantName = "[No Variations]"
Add component (AddParameter): Name = "Supplier Part Number"; Value = ""; VariantName = "[No Variations]"
Add component (AddParameter): Name = "Value"; Value = "10k"; VariantName = "[No Variations]"
Added Component: Designator=R4(0805 - Resistor)
Add component (AddParameter): Name = "Manufacturer"; Value = ""; VariantName = "[No Variations]"
Add component (AddParameter): Name = "Manufacturer Part Number"; Value = ""; VariantName = "[No Variations]"
Add component (AddParameter): Name = "Rating"; Value = ""; VariantName = "[No Variations]"
Add component (AddParameter): Name = "Supplier"; Value = ""; VariantName = "[No Variations]"
Add component (AddParameter): Name = "Supplier Part Number"; Value = ""; VariantName = "[No Variations]"
Add component (AddParameter): Name = "Value"; Value = "10k"; VariantName = "[No Variations]"
Added Component: Designator=R5(0805 - Resistor)
Add component (AddParameter): Name = "Manufacturer"; Value = ""; VariantName = "[No Variations]"
Add component (AddParameter): Name = "Manufacturer Part Number"; Value = ""; VariantName = "[No Variations]"
Add component (AddParameter): Name = "Rating"; Value = ""; VariantName = "[No Variations]"
Add component (AddParameter): Name = "Supplier"; Value = ""; VariantName = "[No Variations]"
Add component (AddParameter): Name = "Supplier Part Number"; Value = ""; VariantName = "[No Variations]"
Add component (AddParameter): Name = "Value"; Value = "10k"; VariantName = "[No Variations]"
Added Component: Designator=R8(0805 - Resistor)
Add component (AddParameter): Name = "Manufacturer"; Value = ""; VariantName = "[No Variations]"
Add component (AddParameter): Name = "Manufacturer Part Number"; Value = ""; VariantName = "[No Variations]"
Add component (AddParameter): Name = "Rating"; Value = ""; VariantName = "[No Variations]"
Add component (AddParameter): Name = "Supplier"; Value = ""; VariantName = "[No Variations]"
Add component (AddParameter): Name = "Supplier Part Number"; Value = ""; VariantName = "[No Variations]"
Add component (AddParameter): Name = "Value"; Value = "10k"; VariantName = "[No Variations]"
Added Component: Designator=R9(0805 - Resistor)
Add component (AddParameter): Name = "Manufacturer"; Value = ""; VariantName = "[No Variations]"
Add component (AddParameter): Name = "Manufacturer Part Number"; Value = ""; VariantName = "[No Variations]"
Add component (AddParameter): Name = "Rating"; Value = ""; VariantName = "[No Variations]"
Add component (AddParameter): Name = "Supplier"; Value = ""; VariantName = "[No Variations]"
Add component (AddParameter): Name = "Supplier Part Number"; Value = ""; VariantName = "[No Variations]"
Add component (AddParameter): Name = "Value"; Value = "10k"; VariantName = "[No Variations]"
Added Component: Designator=R10(0805 - Resistor)
Add component (AddParameter): Name = "Manufacturer"; Value = ""; VariantName = "[No Variations]"
Add component (AddParameter): Name = "Manufacturer Part Number"; Value = ""; VariantName = "[No Variations]"
Add component (AddParameter): Name = "Rating"; Value = ""; VariantName = "[No Variations]"
Add component (AddParameter): Name = "Supplier"; Value = ""; VariantName = "[No Variations]"
Add component (AddParameter): Name = "Supplier Part Number"; Value = ""; VariantName = "[No Variations]"
Add component (AddParameter): Name = "Value"; Value = "10k"; VariantName = "[No Variations]"
Added Component: Designator=R11(0805 - Resistor)
Add component (AddParameter): Name = "Manufacturer"; Value = ""; VariantName = "[No Variations]"
Add component (AddParameter): Name = "Manufacturer Part Number"; Value = ""; VariantName = "[No Variations]"
Add component (AddParameter): Name = "Rating"; Value = ""; VariantName = "[No Variations]"
Add component (AddParameter): Name = "Supplier"; Value = ""; VariantName = "[No Variations]"
Add component (AddParameter): Name = "Supplier Part Number"; Value = ""; VariantName = "[No Variations]"
Add component (AddParameter): Name = "Value"; Value = "10k"; VariantName = "[No Variations]"
Added Pin To Net: NetName=GND Pin=J2-1
Added Pin To Net: NetName=GND Pin=J2-2
Added Pin To Net: NetName=GND Pin=J2-3
Added Pin To Net: NetName=GND Pin=J2-4
Added Pin To Net: NetName=GND Pin=J2-5
Added Pin To Net: NetName=GND Pin=J2-6
Added Pin To Net: NetName=GND Pin=J2-7
Added Pin To Net: NetName=GND Pin=J2-8
Added Pin To Net: NetName=TINPUT0 Pin=J2-9
Added Pin To Net: NetName=TINPUT1 Pin=J2-10
Added Pin To Net: NetName=TINPUT2 Pin=J2-11
Added Pin To Net: NetName=TINPUT3 Pin=J2-12
Added Pin To Net: NetName=TINPUT4 Pin=J2-13
Added Pin To Net: NetName=TINPUT5 Pin=J2-14
Added Pin To Net: NetName=TINPUT6 Pin=J2-15
Added Pin To Net: NetName=TINPUT7 Pin=J2-16
Added Pin To Net: NetName=GND Pin=J3-1
Added Pin To Net: NetName=GND Pin=J3-2
Added Pin To Net: NetName=GND Pin=J3-3
Added Pin To Net: NetName=GND Pin=J3-4
Added Pin To Net: NetName=SOL_1 Pin=J3-5
Added Pin To Net: NetName=SOL_2 Pin=J3-6
Added Pin To Net: NetName=SOL_3 Pin=J3-7
Added Pin To Net: NetName=SOL_4 Pin=J3-8
Added Pin To Net: NetName=GND Pin=J11-1
Added Pin To Net: NetName=5V Pin=J11-3
Added Pin To Net: NetName=GND Pin=J11-4
Added Pin To Net: NetName=5V Pin=J11-6
Added Pin To Net: NetName=GND Pin=J11-7
Added Pin To Net: NetName=5V Pin=J11-9
Added Pin To Net: NetName=GND Pin=J11-10
Added Pin To Net: NetName=5V Pin=J11-12
Added Pin To Net: NetName=GND Pin=J11-13
Added Pin To Net: NetName=5V Pin=J11-15
Added Pin To Net: NetName=GND Pin=J11-16
Added Pin To Net: NetName=5V Pin=J11-18
Added Pin To Net: NetName=GND Pin=J11-19
Added Pin To Net: NetName=5V Pin=J11-21
Added Pin To Net: NetName=GND Pin=J11-22
Added Pin To Net: NetName=5V Pin=J11-24
Added Pin To Net: NetName=3.3V Pin=R2-1
Added Pin To Net: NetName=TINPUT0 Pin=R2-2
Added Pin To Net: NetName=3.3V Pin=R3-1
Added Pin To Net: NetName=TINPUT1 Pin=R3-2
Added Pin To Net: NetName=3.3V Pin=R4-1
Added Pin To Net: NetName=TINPUT2 Pin=R4-2
Added Pin To Net: NetName=3.3V Pin=R5-1
Added Pin To Net: NetName=TINPUT3 Pin=R5-2
Added Pin To Net: NetName=3.3V Pin=R8-1
Added Pin To Net: NetName=TINPUT4 Pin=R8-2
Added Pin To Net: NetName=3.3V Pin=R9-1
Added Pin To Net: NetName=TINPUT5 Pin=R9-2
Added Pin To Net: NetName=3.3V Pin=R10-1
Added Pin To Net: NetName=TINPUT6 Pin=R10-2
Added Pin To Net: NetName=3.3V Pin=R11-1
Added Pin To Net: NetName=TINPUT7 Pin=R11-2
Added Pin To Net: NetName=NetR16_2 Pin=R16-2
Added Pin To Net: NetName=NetR16_2 Pin=R18-2
Added Net: Name=NetR16_2
Added Pin To Net: NetName=PCONN0 Pin=J11-2
Added Pin To Net: NetName=PCONN0 Pin=R12-1
Added Net: Name=PCONN0
Added Pin To Net: NetName=PCONN1 Pin=J11-5
Added Pin To Net: NetName=PCONN1 Pin=R13-1
Added Net: Name=PCONN1
Added Pin To Net: NetName=PCONN2 Pin=J11-8
Added Pin To Net: NetName=PCONN2 Pin=R16-1
Added Net: Name=PCONN2
Added Pin To Net: NetName=PCONN3 Pin=J11-11
Added Pin To Net: NetName=PCONN3 Pin=R17-1
Added Net: Name=PCONN3
Added Pin To Net: NetName=PCONN4 Pin=J11-14
Added Pin To Net: NetName=PCONN4 Pin=R22-1
Added Net: Name=PCONN4
Added Pin To Net: NetName=PCONN5 Pin=J11-17
Added Pin To Net: NetName=PCONN5 Pin=R23-1
Added Net: Name=PCONN5
Added Pin To Net: NetName=PCONN6 Pin=J11-20
Added Pin To Net: NetName=PCONN6 Pin=R26-1
Added Net: Name=PCONN6
Added Pin To Net: NetName=PCONN7 Pin=J11-23
Added Pin To Net: NetName=PCONN7 Pin=R27-1
Added Net: Name=PCONN7
Added Member To Class: ClassName=Braking Member=Component J3 MOLEX0039301082
Added Room: Name=Braking
Added Room: Name=LED_Driver
Added Room: Name=MCU_Platform
Added Room: Name=PressureSensors
Added Room: Name=Thermistors
