Removed Pin From Net: NetName=GND Pin=J11-1
Removed Pin From Net: NetName=PCONN0 Pin=J11-2
Removed Pin From Net: NetName=5V Pin=J11-3
Removed Pin From Net: NetName=GND Pin=J11-4
Removed Pin From Net: NetName=PCONN1 Pin=J11-5
Removed Pin From Net: NetName=5V Pin=J11-6
Removed Pin From Net: NetName=GND Pin=J11-7
Removed Pin From Net: NetName=PCONN2 Pin=J11-8
Removed Pin From Net: NetName=5V Pin=J11-9
Removed Pin From Net: NetName=GND Pin=J11-10
Removed Pin From Net: NetName=PCONN3 Pin=J11-11
Removed Pin From Net: NetName=5V Pin=J11-12
Removed Pin From Net: NetName=GND Pin=J11-13
Removed Pin From Net: NetName=PCONN4 Pin=J11-14
Removed Pin From Net: NetName=5V Pin=J11-15
Removed Pin From Net: NetName=GND Pin=J11-16
Removed Pin From Net: NetName=PCONN5 Pin=J11-17
Removed Pin From Net: NetName=5V Pin=J11-18
Removed Pin From Net: NetName=GND Pin=J11-19
Removed Pin From Net: NetName=PCONN6 Pin=J11-20
Removed Pin From Net: NetName=5V Pin=J11-21
Removed Pin From Net: NetName=GND Pin=J11-22
Removed Pin From Net: NetName=PCONN7 Pin=J11-23
Removed Pin From Net: NetName=5V Pin=J11-24
Removed Member From Class: ClassName=PressureSensors Member=J11
Added Component: Designator=J4(MOLEX0039301242)
Add component (AddParameter): Name = "ComponentLink1Description"; Value = "Datasheet"; VariantName = "[No Variations]"
Add component (AddParameter): Name = "ComponentLink1URL"; Value = "https://www.molex.com/pdm_docs/sd/039301082_sd.pdf"; VariantName = "[No Variations]"
Add component (AddParameter): Name = "Manufacturer"; Value = "Molex"; VariantName = "[No Variations]"
Add component (AddParameter): Name = "Manufacturer Part Number"; Value = "0039301082"; VariantName = "[No Variations]"
Add component (AddParameter): Name = "Supplier"; Value = "DigiKey"; VariantName = "[No Variations]"
Add component (AddParameter): Name = "Supplier Part Number"; Value = "WM21366-ND"; VariantName = "[No Variations]"
Added Pin To Net: NetName=GND Pin=J4-1
Added Pin To Net: NetName=PCONN0 Pin=J4-2
Added Pin To Net: NetName=5V Pin=J4-3
Added Pin To Net: NetName=GND Pin=J4-4
Added Pin To Net: NetName=PCONN1 Pin=J4-5
Added Pin To Net: NetName=5V Pin=J4-6
Added Pin To Net: NetName=GND Pin=J4-7
Added Pin To Net: NetName=PCONN2 Pin=J4-8
Added Pin To Net: NetName=5V Pin=J4-9
Added Pin To Net: NetName=GND Pin=J4-10
Added Pin To Net: NetName=PCONN3 Pin=J4-11
Added Pin To Net: NetName=5V Pin=J4-12
Added Pin To Net: NetName=GND Pin=J4-13
Added Pin To Net: NetName=PCONN4 Pin=J4-14
Added Pin To Net: NetName=5V Pin=J4-15
Added Pin To Net: NetName=GND Pin=J4-16
Added Pin To Net: NetName=PCONN5 Pin=J4-17
Added Pin To Net: NetName=5V Pin=J4-18
Added Pin To Net: NetName=GND Pin=J4-19
Added Pin To Net: NetName=PCONN6 Pin=J4-20
Added Pin To Net: NetName=5V Pin=J4-21
Added Pin To Net: NetName=GND Pin=J4-22
Added Pin To Net: NetName=PCONN7 Pin=J4-23
Added Pin To Net: NetName=5V Pin=J4-24
Added Member To Class: ClassName=Thermistors Member=Component J2 MOLEX0039301162
Added Member To Class: ClassName=PressureSensors Member=Component J4 MOLEX0039301242
